[debug] [2022-07-26T10:41:04.746Z] ----------------------------------------------------------------------
[debug] [2022-07-26T10:41:04.750Z] Command:       C:\Program Files\nodejs\node.exe C:\Users\K\AppData\Roaming\npm\node_modules\firebase-tools\lib\bin\firebase.js init
[debug] [2022-07-26T10:41:04.750Z] CLI Version:   11.3.0
[debug] [2022-07-26T10:41:04.751Z] Platform:      win32
[debug] [2022-07-26T10:41:04.751Z] Node Version:  v16.14.0
[debug] [2022-07-26T10:41:04.757Z] Time:          Tue Jul 26 2022 11:41:04 GMT+0100 (GMT+01:00)
[debug] [2022-07-26T10:41:04.757Z] ----------------------------------------------------------------------
[debug] 
[debug] [2022-07-26T10:41:04.763Z] >>> [apiv2][query] GET https://firebase-public.firebaseio.com/cli.json [none]
[debug] [2022-07-26T10:41:04.799Z] > command requires scopes: ["email","openid","https://www.googleapis.com/auth/cloudplatformprojects.readonly","https://www.googleapis.com/auth/firebase","https://www.googleapis.com/auth/cloud-platform"]
[debug] [2022-07-26T10:41:04.800Z] > authorizing via signed-in user (zakkm012@gmail.com)
[info] 
     ######## #### ########  ######## ########     ###     ######  ########
     ##        ##  ##     ## ##       ##     ##  ##   ##  ##       ##
     ######    ##  ########  ######   ########  #########  ######  ######
     ##        ##  ##    ##  ##       ##     ## ##     ##       ## ##
     ##       #### ##     ## ######## ########  ##     ##  ######  ########

You're about to initialize a Firebase project in this directory:

  D:\domain-checker\idomaine_checker

[debug] [2022-07-26T10:41:05.936Z] <<< [apiv2][status] GET https://firebase-public.firebaseio.com/cli.json 200
[debug] [2022-07-26T10:41:05.936Z] <<< [apiv2][body] GET https://firebase-public.firebaseio.com/cli.json {"cloudBuildErrorAfter":1594252800000,"cloudBuildWarnAfter":1590019200000,"defaultNode10After":1594252800000,"minVersion":"3.0.5","node8DeploysDisabledAfter":1613390400000,"node8RuntimeDisabledAfter":1615809600000,"node8WarnAfter":1600128000000}
